2025-10-30 11:51:09,448 - audio_scheduler.audio - INFO - <module>:102 - Audio system initialized successfully
2025-10-30 11:51:09,457 - audio_scheduler.auth - INFO - <module>:116 - Initializing credentials...
2025-10-30 11:51:09,457 - audio_scheduler.auth - INFO - <module>:118 - Credentials initialization completed
2025-10-30 11:51:18,014 - audio_scheduler.audio - INFO - <module>:102 - Audio system initialized successfully
2025-10-30 11:51:18,037 - audio_scheduler.auth - INFO - <module>:116 - Initializing credentials...
2025-10-30 11:51:18,038 - audio_scheduler.auth - INFO - <module>:118 - Credentials initialization completed
2025-10-30 11:51:37,329 - audio_scheduler.audio - INFO - <module>:102 - Audio system initialized successfully
2025-10-30 11:51:37,342 - audio_scheduler.auth - INFO - <module>:116 - Initializing credentials...
2025-10-30 11:51:37,342 - audio_scheduler.auth - INFO - <module>:118 - Credentials initialization completed
2025-10-30 11:52:04,385 - audio_scheduler.audio - INFO - <module>:102 - Audio system initialized successfully
2025-10-30 11:52:04,402 - audio_scheduler.auth - INFO - <module>:116 - Initializing credentials...
2025-10-30 11:52:04,406 - audio_scheduler.auth - INFO - <module>:118 - Credentials initialization completed
2025-10-30 11:52:19,048 - audio_scheduler.audio - INFO - <module>:102 - Audio system initialized successfully
2025-10-30 11:52:19,055 - audio_scheduler.auth - INFO - <module>:116 - Initializing credentials...
2025-10-30 11:52:19,056 - audio_scheduler.auth - INFO - <module>:118 - Credentials initialization completed
2025-10-30 11:52:29,564 - audio_scheduler.audio - INFO - <module>:107 - Audio system initialized successfully
2025-10-30 11:52:29,576 - audio_scheduler.auth - INFO - <module>:121 - Initializing credentials...
2025-10-30 11:52:29,576 - audio_scheduler.auth - INFO - <module>:123 - Credentials initialization completed
2025-10-30 11:52:39,419 - audio_scheduler.audio - INFO - <module>:107 - Audio system initialized successfully
2025-10-30 11:52:39,437 - audio_scheduler.auth - INFO - <module>:121 - Initializing credentials...
2025-10-30 11:52:39,437 - audio_scheduler.auth - INFO - <module>:123 - Credentials initialization completed
2025-10-30 11:52:39,503 - audio_scheduler - INFO - <module>:1077 - Starting Audio Scheduler application...
2025-10-30 11:52:39,533 - audio_scheduler - INFO - <module>:1082 - Database tables created/verified
2025-10-30 11:52:39,621 - audio_scheduler - INFO - <module>:1086 - Schedules initialized from database
2025-10-30 11:52:39,621 - audio_scheduler - INFO - <module>:1088 - Starting Flask server on 0.0.0.0:5000
2025-10-30 11:52:50,627 - audio_scheduler.audio - INFO - <module>:107 - Audio system initialized successfully
2025-10-30 11:52:50,639 - audio_scheduler.auth - INFO - <module>:121 - Initializing credentials...
2025-10-30 11:52:50,641 - audio_scheduler.auth - INFO - <module>:123 - Credentials initialization completed
2025-10-30 11:52:50,711 - audio_scheduler - INFO - <module>:1078 - Starting Audio Scheduler application...
2025-10-30 11:52:50,745 - audio_scheduler - INFO - <module>:1083 - Database tables created/verified
2025-10-30 11:52:50,799 - audio_scheduler - INFO - <module>:1087 - Schedules initialized from database
2025-10-30 11:52:50,801 - audio_scheduler - INFO - <module>:1089 - Starting Flask server on 0.0.0.0:5000
2025-10-30 11:53:04,183 - audio_scheduler.audio - INFO - <module>:107 - Audio system initialized successfully
2025-10-30 11:53:04,202 - audio_scheduler.auth - INFO - <module>:121 - Initializing credentials...
2025-10-30 11:53:04,204 - audio_scheduler.auth - INFO - <module>:123 - Credentials initialization completed
2025-10-30 11:53:04,291 - audio_scheduler - INFO - <module>:1080 - Starting Audio Scheduler application...
2025-10-30 11:53:04,343 - audio_scheduler - INFO - <module>:1085 - Database tables created/verified
2025-10-30 11:53:04,399 - audio_scheduler - INFO - <module>:1089 - Schedules initialized from database
2025-10-30 11:53:04,400 - audio_scheduler - INFO - <module>:1091 - Starting Flask server on 0.0.0.0:5000
2025-10-30 11:53:18,761 - audio_scheduler.audio - INFO - <module>:107 - Audio system initialized successfully
2025-10-30 11:53:18,777 - audio_scheduler.auth - INFO - <module>:121 - Initializing credentials...
2025-10-30 11:53:18,777 - audio_scheduler.auth - INFO - <module>:123 - Credentials initialization completed
2025-10-30 11:53:18,807 - audio_scheduler - INFO - <module>:1083 - Starting Audio Scheduler application...
2025-10-30 11:53:18,824 - audio_scheduler - INFO - <module>:1088 - Database tables created/verified
2025-10-30 11:53:18,857 - audio_scheduler - INFO - <module>:1092 - Schedules initialized from database
2025-10-30 11:53:18,857 - audio_scheduler - INFO - <module>:1094 - Starting Flask server on 0.0.0.0:5000
2025-10-30 11:53:46,432 - audio_scheduler.audio - INFO - <module>:107 - Audio system initialized successfully
2025-10-30 11:53:46,443 - audio_scheduler.auth - INFO - <module>:121 - Initializing credentials...
2025-10-30 11:53:46,443 - audio_scheduler.auth - INFO - <module>:123 - Credentials initialization completed
2025-10-30 11:53:46,504 - audio_scheduler - INFO - <module>:1085 - Starting Audio Scheduler application...
2025-10-30 11:53:46,538 - audio_scheduler - INFO - <module>:1090 - Database tables created/verified
2025-10-30 11:53:46,572 - audio_scheduler - INFO - <module>:1094 - Schedules initialized from database
2025-10-30 11:53:46,573 - audio_scheduler - INFO - <module>:1096 - Starting Flask server on 0.0.0.0:5000
2025-10-30 11:53:59,879 - audio_scheduler.audio - INFO - <module>:107 - Audio system initialized successfully
2025-10-30 11:53:59,890 - audio_scheduler.auth - INFO - <module>:121 - Initializing credentials...
2025-10-30 11:53:59,890 - audio_scheduler.auth - INFO - <module>:123 - Credentials initialization completed
2025-10-30 11:53:59,907 - audio_scheduler - INFO - <module>:1088 - Starting Audio Scheduler application...
2025-10-30 11:53:59,922 - audio_scheduler - INFO - <module>:1093 - Database tables created/verified
2025-10-30 11:53:59,954 - audio_scheduler - INFO - <module>:1097 - Schedules initialized from database
2025-10-30 11:53:59,954 - audio_scheduler - INFO - <module>:1099 - Starting Flask server on 0.0.0.0:5000
2025-10-30 11:54:29,546 - audio_scheduler.audio - INFO - <module>:107 - Audio system initialized successfully
2025-10-30 11:54:29,555 - audio_scheduler.auth - INFO - <module>:121 - Initializing credentials...
2025-10-30 11:54:29,556 - audio_scheduler.auth - INFO - <module>:123 - Credentials initialization completed
2025-10-30 11:54:29,575 - audio_scheduler - INFO - <module>:1088 - Starting Audio Scheduler application...
2025-10-30 11:54:29,588 - audio_scheduler - INFO - <module>:1093 - Database tables created/verified
2025-10-30 11:54:29,615 - audio_scheduler - INFO - <module>:1097 - Schedules initialized from database
2025-10-30 11:54:29,615 - audio_scheduler - INFO - <module>:1099 - Starting Flask server on 0.0.0.0:5000
2025-10-30 11:54:45,229 - audio_scheduler.audio - INFO - <module>:107 - Audio system initialized successfully
2025-10-30 11:54:45,232 - audio_scheduler.auth - INFO - <module>:121 - Initializing credentials...
2025-10-30 11:54:45,232 - audio_scheduler.auth - INFO - <module>:123 - Credentials initialization completed
2025-10-30 11:54:45,247 - audio_scheduler - INFO - <module>:1088 - Starting Audio Scheduler application...
2025-10-30 11:54:45,260 - audio_scheduler - INFO - <module>:1093 - Database tables created/verified
2025-10-30 11:54:45,280 - audio_scheduler - INFO - <module>:1097 - Schedules initialized from database
2025-10-30 11:54:45,281 - audio_scheduler - INFO - <module>:1099 - Starting Flask server on 0.0.0.0:5000
2025-10-30 11:54:45,793 - audio_scheduler.audio - INFO - <module>:107 - Audio system initialized successfully
2025-10-30 11:54:45,797 - audio_scheduler.auth - INFO - <module>:121 - Initializing credentials...
2025-10-30 11:54:45,797 - audio_scheduler.auth - INFO - <module>:123 - Credentials initialization completed
2025-10-30 11:54:45,813 - audio_scheduler - INFO - <module>:1088 - Starting Audio Scheduler application...
2025-10-30 11:54:45,828 - audio_scheduler - INFO - <module>:1093 - Database tables created/verified
2025-10-30 11:54:45,847 - audio_scheduler - INFO - <module>:1097 - Schedules initialized from database
2025-10-30 11:54:45,847 - audio_scheduler - INFO - <module>:1099 - Starting Flask server on 0.0.0.0:5000
2025-10-30 12:00:26,914 - audio_scheduler.audio - INFO - <module>:107 - Audio system initialized successfully
2025-10-30 12:00:26,930 - audio_scheduler.auth - INFO - <module>:121 - Initializing credentials...
2025-10-30 12:00:26,930 - audio_scheduler.auth - INFO - <module>:123 - Credentials initialization completed
2025-10-30 12:00:26,994 - audio_scheduler - INFO - <module>:1089 - Starting Audio Scheduler application...
2025-10-30 12:00:27,049 - audio_scheduler - INFO - <module>:1094 - Database tables created/verified
2025-10-30 12:00:27,116 - audio_scheduler - INFO - <module>:1098 - Schedules initialized from database
2025-10-30 12:00:27,116 - audio_scheduler - INFO - <module>:1100 - Starting Flask server on 0.0.0.0:5000
2025-10-30 12:00:46,170 - audio_scheduler.audio - INFO - <module>:107 - Audio system initialized successfully
2025-10-30 12:00:46,175 - audio_scheduler.auth - INFO - <module>:121 - Initializing credentials...
2025-10-30 12:00:46,176 - audio_scheduler.auth - INFO - <module>:123 - Credentials initialization completed
2025-10-30 12:00:46,195 - audio_scheduler - INFO - <module>:1089 - Starting Audio Scheduler application...
2025-10-30 12:00:46,210 - audio_scheduler - INFO - <module>:1094 - Database tables created/verified
2025-10-30 12:00:46,239 - audio_scheduler - INFO - <module>:1098 - Schedules initialized from database
2025-10-30 12:00:46,239 - audio_scheduler - INFO - <module>:1100 - Starting Flask server on 0.0.0.0:5000
2025-10-30 12:01:46,694 - audio_scheduler - INFO - delete_schedule:913 - Schedule deleted: ID:56, File:playlists/kincso_zenei
2025-10-30 12:02:33,605 - audio_scheduler - INFO - add_playlist_schedule:837 - Playlist schedule added successfully: playlists/kincso_zenei at 12:16 on days [0, 1, 2, 3, 4]
2025-10-30 12:11:13,168 - audio_scheduler.audio - INFO - <module>:107 - Audio system initialized successfully
2025-10-30 12:11:13,172 - audio_scheduler.auth - INFO - <module>:121 - Initializing credentials...
2025-10-30 12:11:13,172 - audio_scheduler.auth - INFO - <module>:123 - Credentials initialization completed
2025-10-30 12:11:13,184 - audio_scheduler - INFO - <module>:1089 - Starting Audio Scheduler application...
2025-10-30 12:11:13,193 - audio_scheduler - INFO - <module>:1094 - Database tables created/verified
2025-10-30 12:11:13,214 - audio_scheduler - INFO - <module>:1098 - Schedules initialized from database
2025-10-30 12:11:13,214 - audio_scheduler - INFO - <module>:1100 - Starting Flask server on 0.0.0.0:5000
2025-10-30 12:11:13,681 - audio_scheduler.audio - INFO - <module>:107 - Audio system initialized successfully
2025-10-30 12:11:13,686 - audio_scheduler.auth - INFO - <module>:121 - Initializing credentials...
2025-10-30 12:11:13,686 - audio_scheduler.auth - INFO - <module>:123 - Credentials initialization completed
2025-10-30 12:11:13,698 - audio_scheduler - INFO - <module>:1089 - Starting Audio Scheduler application...
2025-10-30 12:11:13,707 - audio_scheduler - INFO - <module>:1094 - Database tables created/verified
2025-10-30 12:11:13,722 - audio_scheduler - INFO - <module>:1098 - Schedules initialized from database
2025-10-30 12:11:13,722 - audio_scheduler - INFO - <module>:1100 - Starting Flask server on 0.0.0.0:5000
2025-10-30 12:15:00,004 - audio_scheduler.audio - INFO - play_audio:169 - Playing audio: uploads/school_bell_2.mp3
2025-10-30 12:15:00,005 - audio_scheduler.audio - INFO - play_audio:169 - Playing audio: uploads/school_bell_2.mp3
2025-10-30 12:16:00,011 - audio_scheduler.playlist - INFO - play_playlist:210 - Starting playlist: playlists/kincso_zenei, Duration: 25min, Interval: 2sec
2025-10-30 12:16:00,011 - audio_scheduler.playlist - INFO - play_playlist:210 - Starting playlist: playlists/kincso_zenei, Duration: 25min, Interval: 2sec
2025-10-30 12:16:00,012 - audio_scheduler.playlist - INFO - _run_playlist:252 - Playing playlist track: VZS - VÁRJ MEG  feat. RZMVS (OFFICIAL VISUALIZER).mp3
2025-10-30 12:16:00,012 - audio_scheduler.playlist - INFO - _run_playlist:252 - Playing playlist track: You Know How We Do It.mp3
2025-10-30 12:22:19,443 - audio_scheduler.audio - INFO - <module>:107 - Audio system initialized successfully
2025-10-30 12:22:19,448 - audio_scheduler.auth - INFO - <module>:121 - Initializing credentials...
2025-10-30 12:22:19,449 - audio_scheduler.auth - INFO - <module>:123 - Credentials initialization completed
2025-10-30 12:22:19,465 - audio_scheduler - INFO - <module>:1087 - Starting Audio Scheduler application...
2025-10-30 12:22:19,479 - audio_scheduler - INFO - <module>:1092 - Database tables created/verified
2025-10-30 12:22:19,503 - audio_scheduler - INFO - <module>:1096 - Schedules initialized from database
2025-10-30 12:22:19,503 - audio_scheduler - INFO - <module>:1098 - Starting Flask server on 0.0.0.0:5000
2025-10-30 12:22:20,034 - audio_scheduler.audio - INFO - <module>:107 - Audio system initialized successfully
2025-10-30 12:22:20,038 - audio_scheduler.auth - INFO - <module>:121 - Initializing credentials...
2025-10-30 12:22:20,038 - audio_scheduler.auth - INFO - <module>:123 - Credentials initialization completed
2025-10-30 12:22:20,051 - audio_scheduler - INFO - <module>:1087 - Starting Audio Scheduler application...
2025-10-30 12:22:20,060 - audio_scheduler - INFO - <module>:1092 - Database tables created/verified
2025-10-30 12:22:20,077 - audio_scheduler - INFO - <module>:1096 - Schedules initialized from database
2025-10-30 12:22:20,077 - audio_scheduler - INFO - <module>:1098 - Starting Flask server on 0.0.0.0:5000
2025-10-30 12:23:00,004 - audio_scheduler.playlist - INFO - play_playlist:213 - Starting playlist: playlists/kincso_zenei, Duration: 25min, Interval: 2sec
2025-10-30 12:23:00,005 - audio_scheduler.playlist - INFO - _run_playlist:255 - Playing playlist track: You Know How We Do It.mp3
2025-10-30 12:25:00,045 - audio_scheduler.playlist - INFO - _run_playlist:255 - Playing playlist track: Justin Bieber - Where Are U Now (Lyrics) with Skrillex and Diplo.mp3
2025-10-30 12:27:00,074 - audio_scheduler.playlist - INFO - _run_playlist:255 - Playing playlist track: The Weeknd - The Morning (Lyrics).mp3
2025-10-30 12:29:00,153 - audio_scheduler.playlist - INFO - _run_playlist:255 - Playing playlist track: VZS - VÁRJ MEG  feat. RZMVS (OFFICIAL VISUALIZER).mp3
2025-10-30 12:30:02,820 - audio_scheduler.audio - INFO - <module>:107 - Audio system initialized successfully
2025-10-30 12:30:02,826 - audio_scheduler.auth - INFO - <module>:121 - Initializing credentials...
2025-10-30 12:30:02,827 - audio_scheduler.auth - INFO - <module>:123 - Credentials initialization completed
2025-10-30 12:30:02,859 - audio_scheduler - INFO - <module>:1093 - Starting Audio Scheduler application...
2025-10-30 12:30:02,876 - audio_scheduler - INFO - <module>:1098 - Database tables created/verified
2025-10-30 12:30:02,903 - audio_scheduler - INFO - <module>:1102 - Schedules initialized from database
2025-10-30 12:30:02,903 - audio_scheduler - INFO - <module>:1104 - Starting Flask server on 0.0.0.0:5000
2025-10-30 12:30:12,264 - audio_scheduler.audio - INFO - <module>:107 - Audio system initialized successfully
2025-10-30 12:30:12,275 - audio_scheduler.auth - INFO - <module>:121 - Initializing credentials...
2025-10-30 12:30:12,275 - audio_scheduler.auth - INFO - <module>:123 - Credentials initialization completed
2025-10-30 12:30:12,299 - audio_scheduler - INFO - <module>:1093 - Starting Audio Scheduler application...
2025-10-30 12:30:12,318 - audio_scheduler - INFO - <module>:1098 - Database tables created/verified
2025-10-30 12:30:12,355 - audio_scheduler - INFO - <module>:1102 - Schedules initialized from database
2025-10-30 12:30:12,355 - audio_scheduler - INFO - <module>:1104 - Starting Flask server on 0.0.0.0:5000
2025-10-30 12:31:30,216 - audio_scheduler.audio - INFO - <module>:107 - Audio system initialized successfully
2025-10-30 12:31:30,219 - audio_scheduler.auth - INFO - <module>:121 - Initializing credentials...
2025-10-30 12:31:30,220 - audio_scheduler.auth - INFO - <module>:123 - Credentials initialization completed
2025-10-30 12:31:30,232 - audio_scheduler - INFO - <module>:1093 - Starting Audio Scheduler application...
2025-10-30 12:31:30,240 - audio_scheduler - INFO - <module>:1098 - Database tables created/verified
2025-10-30 12:31:30,260 - audio_scheduler - INFO - <module>:1102 - Schedules initialized from database
2025-10-30 12:31:30,260 - audio_scheduler - INFO - <module>:1104 - Starting Flask server on 0.0.0.0:5000
2025-10-30 12:31:30,713 - audio_scheduler.audio - INFO - <module>:107 - Audio system initialized successfully
2025-10-30 12:31:30,717 - audio_scheduler.auth - INFO - <module>:121 - Initializing credentials...
2025-10-30 12:31:30,717 - audio_scheduler.auth - INFO - <module>:123 - Credentials initialization completed
2025-10-30 12:31:30,731 - audio_scheduler - INFO - <module>:1093 - Starting Audio Scheduler application...
2025-10-30 12:31:30,740 - audio_scheduler - INFO - <module>:1098 - Database tables created/verified
2025-10-30 12:31:30,756 - audio_scheduler - INFO - <module>:1102 - Schedules initialized from database
2025-10-30 12:31:30,756 - audio_scheduler - INFO - <module>:1104 - Starting Flask server on 0.0.0.0:5000
2025-10-30 12:32:00,005 - audio_scheduler.playlist - INFO - play_playlist:213 - Starting playlist: playlists/kincso_zenei, Duration: 25min, Interval: 2sec
2025-10-30 12:32:00,005 - audio_scheduler.playlist - INFO - _run_playlist:255 - Playing playlist track: DJ Snake ft. Justin Bieber - Let Me Love You [Lyric Video].mp3
2025-10-30 12:32:02,010 - audio_scheduler.playlist - INFO - _run_playlist:270 - Track stopped after 2s interval limit
2025-10-30 12:32:02,010 - audio_scheduler.playlist - INFO - _run_playlist:255 - Playing playlist track: Wish I Never Met You.mp3
2025-10-30 12:32:04,018 - audio_scheduler.playlist - INFO - _run_playlist:270 - Track stopped after 2s interval limit
2025-10-30 12:32:04,018 - audio_scheduler.playlist - INFO - _run_playlist:255 - Playing playlist track: The Weeknd - The Morning (Lyrics).mp3
2025-10-30 12:32:06,021 - audio_scheduler.playlist - INFO - _run_playlist:270 - Track stopped after 2s interval limit
2025-10-30 12:32:06,021 - audio_scheduler.playlist - INFO - _run_playlist:255 - Playing playlist track: MARIO – Héy lány _ Official Music Video.mp3
2025-10-30 12:32:08,025 - audio_scheduler.playlist - INFO - _run_playlist:270 - Track stopped after 2s interval limit
2025-10-30 12:32:08,025 - audio_scheduler.playlist - INFO - _run_playlist:255 - Playing playlist track: VZS - VÁRJ MEG  feat. RZMVS (OFFICIAL VISUALIZER).mp3
2025-10-30 12:32:10,028 - audio_scheduler.playlist - INFO - _run_playlist:270 - Track stopped after 2s interval limit
2025-10-30 12:32:10,029 - audio_scheduler.playlist - INFO - _run_playlist:255 - Playing playlist track: Justin Bieber - Where Are U Now (Lyrics) with Skrillex and Diplo.mp3
2025-10-30 12:32:12,032 - audio_scheduler.playlist - INFO - _run_playlist:270 - Track stopped after 2s interval limit
2025-10-30 12:32:12,032 - audio_scheduler.playlist - INFO - _run_playlist:255 - Playing playlist track: You Know How We Do It.mp3
2025-10-30 12:32:14,035 - audio_scheduler.playlist - INFO - _run_playlist:270 - Track stopped after 2s interval limit
2025-10-30 12:32:14,036 - audio_scheduler.playlist - INFO - _run_playlist:255 - Playing playlist track: Major Lazer - Cold Water (Lyrics) ft. Justin Bieber & MŘ.mp3
2025-10-30 12:32:16,040 - audio_scheduler.playlist - INFO - _run_playlist:270 - Track stopped after 2s interval limit
2025-10-30 12:32:16,040 - audio_scheduler.playlist - INFO - _run_playlist:255 - Playing playlist track: Bad Bunny - DtMF (Letra).mp3
2025-10-30 12:32:18,045 - audio_scheduler.playlist - INFO - _run_playlist:270 - Track stopped after 2s interval limit
2025-10-30 12:32:18,045 - audio_scheduler.playlist - INFO - _run_playlist:255 - Playing playlist track: Justin Bieber - Company (Lyrics).mp3
2025-10-30 12:32:20,049 - audio_scheduler.playlist - INFO - _run_playlist:270 - Track stopped after 2s interval limit
2025-10-30 12:32:20,049 - audio_scheduler.playlist - INFO - _run_playlist:255 - Playing playlist track: CHRYSTAL - THE DAYS (NOTION REMIX) (Lyrics).mp3
2025-10-30 12:32:22,053 - audio_scheduler.playlist - INFO - _run_playlist:270 - Track stopped after 2s interval limit
2025-10-30 12:32:22,054 - audio_scheduler.playlist - INFO - _run_playlist:255 - Playing playlist track: Take My Mind.mp3
2025-10-30 12:37:31,143 - audio_scheduler.audio - INFO - <module>:107 - Audio system initialized successfully
2025-10-30 12:37:31,146 - audio_scheduler.auth - INFO - <module>:121 - Initializing credentials...
2025-10-30 12:37:31,146 - audio_scheduler.auth - INFO - <module>:123 - Credentials initialization completed
2025-10-30 12:37:31,159 - audio_scheduler - INFO - <module>:1101 - Starting Audio Scheduler application...
2025-10-30 12:37:31,168 - audio_scheduler - INFO - <module>:1106 - Database tables created/verified
2025-10-30 12:37:31,188 - audio_scheduler - INFO - <module>:1110 - Schedules initialized from database
2025-10-30 12:37:31,189 - audio_scheduler - INFO - <module>:1112 - Starting Flask server on 0.0.0.0:5000
2025-10-30 12:37:31,715 - audio_scheduler.audio - INFO - <module>:107 - Audio system initialized successfully
2025-10-30 12:37:31,720 - audio_scheduler.auth - INFO - <module>:121 - Initializing credentials...
2025-10-30 12:37:31,720 - audio_scheduler.auth - INFO - <module>:123 - Credentials initialization completed
2025-10-30 12:37:31,733 - audio_scheduler - INFO - <module>:1101 - Starting Audio Scheduler application...
2025-10-30 12:37:31,742 - audio_scheduler - INFO - <module>:1106 - Database tables created/verified
2025-10-30 12:37:31,758 - audio_scheduler - INFO - <module>:1110 - Schedules initialized from database
2025-10-30 12:37:31,759 - audio_scheduler - INFO - <module>:1112 - Starting Flask server on 0.0.0.0:5000
2025-10-30 12:38:00,004 - audio_scheduler.playlist - INFO - play_playlist:213 - Starting playlist: playlists/kincso_zenei, Duration: 25min, Interval: 2sec
2025-10-30 12:38:00,005 - audio_scheduler.playlist - INFO - _run_playlist:255 - Playing playlist track: Central Cee, Sexyy Red - Guilt Trippin (Lyrics).mp3
2025-10-30 12:40:33,923 - audio_scheduler.playlist - INFO - _run_playlist:273 - Track 'Central Cee, Sexyy Red - Guilt Trippin (Lyrics).mp3' finished after 153.9s
2025-10-30 12:40:35,923 - audio_scheduler.playlist - INFO - _run_playlist:255 - Playing playlist track: Bad Bunny - DtMF (Letra).mp3
2025-10-30 12:44:36,321 - audio_scheduler.playlist - INFO - _run_playlist:273 - Track 'Bad Bunny - DtMF (Letra).mp3' finished after 240.4s
2025-10-30 12:44:38,322 - audio_scheduler.playlist - INFO - _run_playlist:255 - Playing playlist track: Justin Bieber - Company (Lyrics).mp3
2025-10-30 12:45:00,002 - audio_scheduler.audio - INFO - play_audio:172 - Playing audio: uploads/school_bell_2.mp3
2025-10-30 12:45:00,003 - audio_scheduler.audio - INFO - play_audio:172 - Playing audio: uploads/school_bell_2.mp3
2025-10-30 12:45:07,558 - audio_scheduler.playlist - INFO - _run_playlist:273 - Track 'Justin Bieber - Company (Lyrics).mp3' finished after 29.2s
2025-10-30 12:45:09,558 - audio_scheduler.playlist - INFO - _run_playlist:255 - Playing playlist track: Major Lazer - Cold Water (Lyrics) ft. Justin Bieber & MŘ.mp3
2025-10-30 12:48:22,315 - audio_scheduler.playlist - INFO - _run_playlist:273 - Track 'Major Lazer - Cold Water (Lyrics) ft. Justin Bieber & MŘ.mp3' finished after 192.8s
2025-10-30 12:48:24,315 - audio_scheduler.playlist - INFO - _run_playlist:255 - Playing playlist track: Manuel - Nosztalgia (Official Lyrics Video).mp3
2025-10-30 12:51:33,785 - audio_scheduler.playlist - INFO - _run_playlist:273 - Track 'Manuel - Nosztalgia (Official Lyrics Video).mp3' finished after 189.5s
2025-10-30 12:51:35,786 - audio_scheduler.playlist - INFO - _run_playlist:255 - Playing playlist track: PARTYNEXTDOOR & DRAKE - DIE TRYING.mp3
2025-10-30 12:54:51,467 - audio_scheduler.playlist - INFO - _run_playlist:273 - Track 'PARTYNEXTDOOR & DRAKE - DIE TRYING.mp3' finished after 195.7s
2025-10-30 12:54:53,468 - audio_scheduler.playlist - INFO - _run_playlist:255 - Playing playlist track: DJ Snake ft. Justin Bieber - Let Me Love You [Lyric Video].mp3
2025-10-30 12:56:50,501 - audio_scheduler.audio - INFO - <module>:107 - Audio system initialized successfully
2025-10-30 12:56:50,504 - audio_scheduler.auth - INFO - <module>:121 - Initializing credentials...
2025-10-30 12:56:50,504 - audio_scheduler.auth - INFO - <module>:123 - Credentials initialization completed
2025-10-30 12:56:50,524 - audio_scheduler - INFO - <module>:1101 - Starting Audio Scheduler application...
2025-10-30 12:56:50,542 - audio_scheduler - INFO - <module>:1106 - Database tables created/verified
2025-10-30 12:56:50,569 - audio_scheduler - INFO - <module>:1110 - Schedules initialized from database
2025-10-30 12:56:50,569 - audio_scheduler - INFO - <module>:1112 - Starting Flask server on 0.0.0.0:5000
2025-10-30 12:56:51,324 - audio_scheduler.audio - INFO - <module>:107 - Audio system initialized successfully
2025-10-30 12:56:51,335 - audio_scheduler.auth - INFO - <module>:121 - Initializing credentials...
2025-10-30 12:56:51,335 - audio_scheduler.auth - INFO - <module>:123 - Credentials initialization completed
2025-10-30 12:56:51,358 - audio_scheduler - INFO - <module>:1101 - Starting Audio Scheduler application...
2025-10-30 12:56:51,375 - audio_scheduler - INFO - <module>:1106 - Database tables created/verified
2025-10-30 12:56:51,404 - audio_scheduler - INFO - <module>:1110 - Schedules initialized from database
2025-10-30 12:56:51,404 - audio_scheduler - INFO - <module>:1112 - Starting Flask server on 0.0.0.0:5000
2025-11-01 16:01:22,315 - audio_scheduler.audio - INFO - <module>:107 - Audio system initialized successfully
2025-11-01 16:01:22,336 - audio_scheduler.auth - INFO - <module>:121 - Initializing credentials...
2025-11-01 16:01:22,338 - audio_scheduler.auth - INFO - <module>:123 - Credentials initialization completed
2025-11-01 16:01:22,347 - audio_scheduler - INFO - <module>:1101 - Starting Audio Scheduler application...
2025-11-01 16:01:22,365 - audio_scheduler - INFO - <module>:1106 - Database tables created/verified
2025-11-01 16:01:22,386 - audio_scheduler - INFO - <module>:1110 - Schedules initialized from database
2025-11-01 16:01:22,387 - audio_scheduler - INFO - <module>:1112 - Starting Flask server on 0.0.0.0:5000
2025-11-01 16:01:22,905 - audio_scheduler.audio - INFO - <module>:107 - Audio system initialized successfully
2025-11-01 16:01:22,918 - audio_scheduler.auth - INFO - <module>:121 - Initializing credentials...
2025-11-01 16:01:22,919 - audio_scheduler.auth - INFO - <module>:123 - Credentials initialization completed
2025-11-01 16:01:22,927 - audio_scheduler - INFO - <module>:1101 - Starting Audio Scheduler application...
2025-11-01 16:01:22,928 - audio_scheduler - INFO - <module>:1106 - Database tables created/verified
2025-11-01 16:01:22,941 - audio_scheduler - INFO - <module>:1110 - Schedules initialized from database
2025-11-01 16:01:22,941 - audio_scheduler - INFO - <module>:1112 - Starting Flask server on 0.0.0.0:5000
2025-11-01 16:02:26,470 - audio_scheduler.auth - INFO - login:338 - Login attempt received
2025-11-01 16:02:26,507 - audio_scheduler.auth - INFO - login:348 - Successful login for user: admin
2025-11-01 16:07:04,415 - audio_scheduler - INFO - reload_all_schedules:151 - Cleared 0 existing schedule jobs
2025-11-01 16:07:04,418 - audio_scheduler - INFO - reload_all_schedules:163 - Added 0 schedule jobs to scheduler
2025-11-01 16:07:04,418 - audio_scheduler - INFO - activate_schedule_list:1037 - Activated schedule list: Default
2025-11-01 16:07:37,819 - audio_scheduler - INFO - reload_all_schedules:151 - Cleared 0 existing schedule jobs
2025-11-01 16:07:37,825 - audio_scheduler - INFO - reload_all_schedules:163 - Added 20 schedule jobs to scheduler
2025-11-01 16:08:25,227 - audio_scheduler - INFO - add_playlist_schedule:861 - Playlist schedule added successfully: playlists/kincso_zenei at 16:10 on days [5, 6]
2025-11-01 16:13:26,414 - audio_scheduler.audio - INFO - <module>:107 - Audio system initialized successfully
2025-11-01 16:13:26,428 - audio_scheduler.auth - INFO - <module>:121 - Initializing credentials...
2025-11-01 16:13:26,428 - audio_scheduler.auth - INFO - <module>:123 - Credentials initialization completed
2025-11-01 16:13:26,434 - audio_scheduler - INFO - <module>:1101 - Starting Audio Scheduler application...
2025-11-01 16:13:26,436 - audio_scheduler - INFO - <module>:1106 - Database tables created/verified
2025-11-01 16:13:26,452 - audio_scheduler - INFO - <module>:1110 - Schedules initialized from database
2025-11-01 16:13:26,452 - audio_scheduler - INFO - <module>:1112 - Starting Flask server on 0.0.0.0:5000
2025-11-01 16:13:26,914 - audio_scheduler.audio - INFO - <module>:107 - Audio system initialized successfully
2025-11-01 16:13:26,927 - audio_scheduler.auth - INFO - <module>:121 - Initializing credentials...
2025-11-01 16:13:26,927 - audio_scheduler.auth - INFO - <module>:123 - Credentials initialization completed
2025-11-01 16:13:26,934 - audio_scheduler - INFO - <module>:1101 - Starting Audio Scheduler application...
2025-11-01 16:13:26,935 - audio_scheduler - INFO - <module>:1106 - Database tables created/verified
2025-11-01 16:13:26,957 - audio_scheduler - INFO - <module>:1110 - Schedules initialized from database
2025-11-01 16:13:26,958 - audio_scheduler - INFO - <module>:1112 - Starting Flask server on 0.0.0.0:5000
2025-11-01 16:15:00,004 - audio_scheduler.playlist - INFO - play_playlist:213 - Starting playlist: playlists/kincso_zenei, Duration: 25min, Interval: 10sec
2025-11-01 16:15:00,004 - audio_scheduler.playlist - INFO - _run_playlist:255 - Playing playlist track: Manuel - Nosztalgia (Official Lyrics Video).mp3
2025-11-01 16:18:09,449 - audio_scheduler.playlist - INFO - _run_playlist:273 - Track 'Manuel - Nosztalgia (Official Lyrics Video).mp3' finished after 189.4s
2025-11-01 16:18:19,450 - audio_scheduler.playlist - INFO - _run_playlist:255 - Playing playlist track: Wish I Never Met You.mp3
2025-11-01 16:21:23,554 - audio_scheduler.playlist - INFO - _run_playlist:273 - Track 'Wish I Never Met You.mp3' finished after 184.1s
2025-11-01 16:21:33,555 - audio_scheduler.playlist - INFO - _run_playlist:255 - Playing playlist track: CHRYSTAL - THE DAYS (NOTION REMIX) (Lyrics).mp3
2025-11-04 10:30:55,981 - audio_scheduler.audio - INFO - <module>:107 - Audio system initialized successfully
2025-11-04 10:30:55,997 - audio_scheduler - INFO - <module>:123 - Background scheduler started
2025-11-04 10:30:55,997 - audio_scheduler.auth - INFO - <module>:129 - Initializing credentials...
2025-11-04 10:30:55,997 - audio_scheduler.auth - INFO - <module>:131 - Credentials initialization completed
2025-11-04 10:30:56,006 - audio_scheduler - INFO - <module>:1124 - Starting Audio Scheduler application...
2025-11-04 10:30:56,008 - audio_scheduler - INFO - <module>:1129 - Database tables created/verified
2025-11-04 10:30:56,031 - audio_scheduler - INFO - <module>:1133 - Schedules initialized from database
2025-11-04 10:30:56,031 - audio_scheduler - INFO - <module>:1135 - Starting Flask server on 0.0.0.0:5000
2025-11-04 10:30:56,532 - audio_scheduler.audio - INFO - <module>:107 - Audio system initialized successfully
2025-11-04 10:30:56,545 - audio_scheduler - INFO - <module>:123 - Background scheduler started
2025-11-04 10:30:56,545 - audio_scheduler.auth - INFO - <module>:129 - Initializing credentials...
2025-11-04 10:30:56,546 - audio_scheduler.auth - INFO - <module>:131 - Credentials initialization completed
2025-11-04 10:30:56,553 - audio_scheduler - INFO - <module>:1124 - Starting Audio Scheduler application...
2025-11-04 10:30:56,555 - audio_scheduler - INFO - <module>:1129 - Database tables created/verified
2025-11-04 10:30:56,572 - audio_scheduler - INFO - <module>:1133 - Schedules initialized from database
2025-11-04 10:30:56,572 - audio_scheduler - INFO - <module>:1135 - Starting Flask server on 0.0.0.0:5000
2025-11-04 10:31:13,965 - audio_scheduler.auth - INFO - login:350 - Login attempt received
2025-11-04 10:31:14,015 - audio_scheduler.auth - INFO - login:360 - Successful login for user: admin
2025-11-04 10:31:37,418 - audio_scheduler - INFO - reload_all_schedules:163 - Cleared 21 existing schedule jobs
2025-11-04 10:31:37,420 - audio_scheduler - INFO - reload_all_schedules:175 - Added 0 schedule jobs to scheduler
2025-11-04 10:31:37,420 - audio_scheduler - INFO - activate_schedule_list:1060 - Activated schedule list: Röviditett
2025-11-04 10:31:38,943 - audio_scheduler - INFO - reload_all_schedules:163 - Cleared 0 existing schedule jobs
2025-11-04 10:31:38,955 - audio_scheduler - INFO - reload_all_schedules:175 - Added 21 schedule jobs to scheduler
2025-11-04 10:31:38,956 - audio_scheduler - INFO - activate_schedule_list:1060 - Activated schedule list: Általános
2025-11-04 10:35:00,002 - audio_scheduler.audio - INFO - play_audio:184 - Playing audio: uploads/school_bell_2.mp3
2025-11-04 10:35:00,002 - audio_scheduler.audio - INFO - play_audio:184 - Playing audio: uploads/school_bell_2.mp3
2025-11-04 10:45:47,293 - audio_scheduler.audio - INFO - <module>:107 - Audio system initialized successfully
2025-11-04 10:45:47,347 - audio_scheduler - INFO - <module>:123 - Background scheduler started
2025-11-04 10:45:47,347 - audio_scheduler.auth - INFO - <module>:129 - Initializing credentials...
2025-11-04 10:45:47,347 - audio_scheduler.auth - INFO - <module>:131 - Credentials initialization completed
2025-11-04 10:45:47,362 - audio_scheduler - INFO - <module>:1139 - Starting Audio Scheduler application...
2025-11-04 10:45:47,378 - audio_scheduler - INFO - <module>:1144 - Database tables created/verified
2025-11-04 10:45:47,424 - audio_scheduler - INFO - init_schedules:163 - Initialized 21 schedule jobs from database
2025-11-04 10:45:47,425 - audio_scheduler - INFO - <module>:1148 - Schedules initialized from database
2025-11-04 10:45:47,425 - audio_scheduler - INFO - <module>:1150 - Starting Flask server on 0.0.0.0:5000
2025-11-04 10:45:58,323 - audio_scheduler.audio - INFO - <module>:107 - Audio system initialized successfully
2025-11-04 10:45:58,368 - audio_scheduler - INFO - <module>:123 - Background scheduler started
2025-11-04 10:45:58,368 - audio_scheduler.auth - INFO - <module>:129 - Initializing credentials...
2025-11-04 10:45:58,368 - audio_scheduler.auth - INFO - <module>:131 - Credentials initialization completed
2025-11-04 10:45:58,391 - audio_scheduler - INFO - <module>:1139 - Starting Audio Scheduler application...
2025-11-04 10:45:58,401 - audio_scheduler - INFO - <module>:1144 - Database tables created/verified
2025-11-04 10:45:58,460 - audio_scheduler - INFO - init_schedules:163 - Initialized 21 schedule jobs from database
2025-11-04 10:45:58,460 - audio_scheduler - INFO - <module>:1148 - Schedules initialized from database
2025-11-04 10:45:58,460 - audio_scheduler - INFO - <module>:1150 - Starting Flask server on 0.0.0.0:5000
2025-11-04 10:46:08,674 - audio_scheduler - INFO - <module>:1157 - Shutting down scheduler...
2025-11-04 10:46:08,677 - audio_scheduler - INFO - <module>:1159 - Scheduler shut down complete
2025-11-04 10:46:10,047 - audio_scheduler.audio - INFO - <module>:109 - Audio system initialized successfully
2025-11-04 10:46:10,070 - audio_scheduler - INFO - <module>:125 - Background scheduler started
2025-11-04 10:46:10,071 - audio_scheduler.auth - INFO - <module>:131 - Initializing credentials...
2025-11-04 10:46:10,071 - audio_scheduler.auth - INFO - <module>:133 - Credentials initialization completed
2025-11-04 10:46:10,087 - audio_scheduler - INFO - <module>:1141 - Starting Audio Scheduler application...
2025-11-04 10:46:10,092 - audio_scheduler - INFO - <module>:1146 - Database tables created/verified
2025-11-04 10:46:10,125 - audio_scheduler - INFO - init_schedules:165 - Initialized 21 schedule jobs from database
2025-11-04 10:46:10,126 - audio_scheduler - INFO - <module>:1150 - Schedules initialized from database
2025-11-04 10:46:10,126 - audio_scheduler - INFO - <module>:1152 - Starting Flask server on 0.0.0.0:5000
2025-11-04 10:46:23,338 - audio_scheduler - INFO - <module>:1159 - Shutting down scheduler...
2025-11-04 10:46:23,344 - audio_scheduler - INFO - <module>:1161 - Scheduler shut down complete
2025-11-04 10:46:25,209 - audio_scheduler.audio - INFO - <module>:109 - Audio system initialized successfully
2025-11-04 10:46:25,238 - audio_scheduler - INFO - <module>:125 - Background scheduler started
2025-11-04 10:46:25,239 - audio_scheduler.auth - INFO - <module>:155 - Initializing credentials...
2025-11-04 10:46:25,239 - audio_scheduler.auth - INFO - <module>:157 - Credentials initialization completed
2025-11-04 10:46:25,261 - audio_scheduler - INFO - <module>:1165 - Starting Audio Scheduler application...
2025-11-04 10:46:25,264 - audio_scheduler - INFO - <module>:1170 - Database tables created/verified
2025-11-04 10:46:25,309 - audio_scheduler - INFO - init_schedules:189 - Initialized 21 schedule jobs from database
2025-11-04 10:46:25,310 - audio_scheduler - INFO - <module>:1174 - Schedules initialized from database
2025-11-04 10:46:25,311 - audio_scheduler - INFO - <module>:1176 - Starting Flask server on 0.0.0.0:5000
2025-11-04 10:47:57,336 - audio_scheduler - INFO - <module>:1183 - Shutting down scheduler...
2025-11-04 10:47:57,337 - audio_scheduler - INFO - <module>:1185 - Scheduler shut down complete
2025-11-04 10:47:58,464 - audio_scheduler.audio - INFO - <module>:109 - Audio system initialized successfully
2025-11-04 10:47:58,482 - audio_scheduler - INFO - <module>:125 - Background scheduler started
2025-11-04 10:47:58,482 - audio_scheduler.auth - INFO - <module>:155 - Initializing credentials...
2025-11-04 10:47:58,483 - audio_scheduler.auth - INFO - <module>:157 - Credentials initialization completed
2025-11-04 10:47:58,493 - audio_scheduler - INFO - <module>:1165 - Starting Audio Scheduler application...
2025-11-04 10:47:58,495 - audio_scheduler - INFO - <module>:1170 - Database tables created/verified
2025-11-04 10:47:58,512 - audio_scheduler - INFO - init_schedules:189 - Initialized 21 schedule jobs from database
2025-11-04 10:47:58,513 - audio_scheduler - INFO - <module>:1174 - Schedules initialized from database
2025-11-04 10:47:58,513 - audio_scheduler - INFO - <module>:1176 - Starting Flask server on 0.0.0.0:5000
2025-11-04 10:58:19,157 - audio_scheduler - INFO - <module>:1183 - Shutting down scheduler...
2025-11-04 10:58:19,160 - audio_scheduler - INFO - <module>:1185 - Scheduler shut down complete
2025-11-04 10:58:20,861 - audio_scheduler.audio - INFO - <module>:107 - Audio system initialized successfully
2025-11-04 11:17:58,975 - audio_scheduler.audio - INFO - <module>:274 - Audio system initialized successfully
2025-11-04 11:17:58,988 - audio_scheduler - INFO - __init__:101 - SimpleScheduler initialized
2025-11-04 11:17:58,994 - audio_scheduler - INFO - start:112 - ✅ Simple scheduler started - polling every second
2025-11-04 11:17:58,994 - audio_scheduler - INFO - <module>:291 - ✅ Simple polling scheduler initialized and started
2025-11-04 11:17:58,994 - audio_scheduler.auth - INFO - <module>:321 - Initializing credentials...
2025-11-04 11:17:58,994 - audio_scheduler.auth - INFO - <module>:323 - Credentials initialization completed
2025-11-04 11:17:59,004 - audio_scheduler - INFO - <module>:1252 - Starting Audio Scheduler application...
2025-11-04 11:17:59,015 - audio_scheduler - INFO - <module>:1257 - Database tables created/verified
2025-11-04 11:17:59,016 - audio_scheduler - INFO - init_schedules:331 - ✅ SimpleScheduler will automatically load schedules from database
2025-11-04 11:17:59,025 - audio_scheduler - INFO - init_schedules:348 - Initialized 21 schedule jobs from database
2025-11-04 11:17:59,026 - audio_scheduler - INFO - <module>:1261 - Schedules initialized from database
2025-11-04 11:17:59,026 - audio_scheduler - INFO - <module>:1263 - Starting Flask server on 0.0.0.0:5000
2025-11-04 11:17:59,618 - audio_scheduler.audio - INFO - <module>:274 - Audio system initialized successfully
2025-11-04 11:17:59,632 - audio_scheduler - INFO - __init__:101 - SimpleScheduler initialized
2025-11-04 11:17:59,638 - audio_scheduler - INFO - start:112 - ✅ Simple scheduler started - polling every second
2025-11-04 11:17:59,644 - audio_scheduler - INFO - <module>:291 - ✅ Simple polling scheduler initialized and started
2025-11-04 11:17:59,647 - audio_scheduler.auth - INFO - <module>:321 - Initializing credentials...
2025-11-04 11:17:59,655 - audio_scheduler.auth - INFO - <module>:323 - Credentials initialization completed
2025-11-04 11:17:59,667 - audio_scheduler - INFO - <module>:1252 - Starting Audio Scheduler application...
2025-11-04 11:17:59,670 - audio_scheduler - INFO - <module>:1257 - Database tables created/verified
2025-11-04 11:17:59,671 - audio_scheduler - INFO - init_schedules:331 - ✅ SimpleScheduler will automatically load schedules from database
2025-11-04 11:17:59,680 - audio_scheduler - INFO - init_schedules:348 - Initialized 21 schedule jobs from database
2025-11-04 11:17:59,681 - audio_scheduler - INFO - <module>:1261 - Schedules initialized from database
2025-11-04 11:17:59,681 - audio_scheduler - INFO - <module>:1263 - Starting Flask server on 0.0.0.0:5000
2025-11-04 11:19:21,604 - audio_scheduler - INFO - signal_handler:310 - Received signal 2, shutting down gracefully...
2025-11-04 11:19:21,604 - audio_scheduler - INFO - signal_handler:310 - Received signal 2, shutting down gracefully...
2025-11-04 11:19:21,604 - audio_scheduler - INFO - cleanup_scheduler:297 - Cleaning up scheduler on exit...
2025-11-04 11:19:21,604 - audio_scheduler - INFO - stop:119 - Stopping scheduler...
2025-11-04 11:19:21,604 - audio_scheduler - INFO - cleanup_scheduler:297 - Cleaning up scheduler on exit...
2025-11-04 11:19:21,605 - audio_scheduler - INFO - stop:119 - Stopping scheduler...
2025-11-04 11:19:21,703 - audio_scheduler - INFO - stop:123 - ✅ Scheduler stopped
2025-11-04 11:19:21,704 - audio_scheduler - INFO - cleanup_scheduler:300 - Scheduler shutdown complete
2025-11-04 11:19:21,704 - audio_scheduler - INFO - <module>:1270 - Shutting down scheduler...
2025-11-04 11:19:21,736 - audio_scheduler - INFO - cleanup_scheduler:297 - Cleaning up scheduler on exit...
2025-11-04 11:19:21,736 - audio_scheduler - INFO - cleanup_scheduler:300 - Scheduler shutdown complete
2025-11-04 11:19:22,045 - audio_scheduler - INFO - stop:123 - ✅ Scheduler stopped
2025-11-04 11:19:22,045 - audio_scheduler - INFO - cleanup_scheduler:300 - Scheduler shutdown complete
2025-11-04 11:19:22,047 - audio_scheduler - INFO - <module>:1270 - Shutting down scheduler...
2025-11-04 11:19:22,067 - audio_scheduler - INFO - cleanup_scheduler:297 - Cleaning up scheduler on exit...
2025-11-04 11:19:22,067 - audio_scheduler - INFO - cleanup_scheduler:300 - Scheduler shutdown complete
